JVM info: Debian - 21.0.9 - 21.0.9+10-Debian-1deb13u1
java.net.preferIPv4Stack=true
Current Time: 19/11/2025 08:09:32
Host: maven.neoforged.net [195.181.175.41, 37.19.194.80, 212.102.56.179, 195.181.170.18, 79.127.216.204, 79.127.211.89]
Host: libraries.minecraft.net [13.107.213.53, 13.107.246.53]
Host: launchermeta.mojang.com [13.107.213.53, 13.107.246.53]
Host: piston-meta.mojang.com [13.107.246.53, 13.107.213.53]
Host: sessionserver.mojang.com [13.107.213.45, 13.107.246.45]
Found java version 21.0.9
Target Directory: /tmp/aa0acae4c07138a3a3a8f627a5113834
Extracting json
Considering minecraft client jar
Downloading library from https://piston-meta.mojang.com/v1/packages/2d948bd014404ae62486c225ca0157d899872cfa/1.21.10.json
	Download completed: Checksum validated.
Downloading library from https://piston-data.mojang.com/v1/objects/d3bdf582a7fa723ce199f3665588dcfe6bf9aca8/client.jar
	Download completed: Checksum validated.
Downloading libraries
Found 0 additional library directories
Considering library net.neoforged.fancymodloader:earlydisplay:10.0.29
Downloading library from https://maven.neoforged.net/releases/net/neoforged/fancymodloader/earlydisplay/10.0.29/earlydisplay-10.0.29.jar
	Download completed: Checksum validated.
Considering library net.neoforged.fancymodloader:loader:10.0.29
Downloading library from https://maven.neoforged.net/releases/net/neoforged/fancymodloader/loader/10.0.29/loader-10.0.29.jar
	Download completed: Checksum validated.
Considering library net.neoforged:accesstransformers:11.0.2
Downloading library from https://maven.neoforged.net/releases/net/neoforged/accesstransformers/11.0.2/accesstransformers-11.0.2.jar
	Download completed: Checksum validated.
Considering library org.ow2.asm:asm-commons:9.8
Downloading library from https://maven.neoforged.net/releases/org/ow2/asm/asm-commons/9.8/asm-commons-9.8.jar
	Download completed: Checksum validated.
Considering library net.neoforged:mergetool:2.0.0:api
Downloading library from https://maven.neoforged.net/releases/net/neoforged/mergetool/2.0.0/mergetool-2.0.0-api.jar
	Download completed: Checksum validated.
Considering library org.ow2.asm:asm-util:9.8
Downloading library from https://maven.neoforged.net/releases/org/ow2/asm/asm-util/9.8/asm-util-9.8.jar
	Download completed: Checksum validated.
Considering library org.ow2.asm:asm-analysis:9.8
Downloading library from https://maven.neoforged.net/releases/org/ow2/asm/asm-analysis/9.8/asm-analysis-9.8.jar
	Download completed: Checksum validated.
Considering library org.ow2.asm:asm-tree:9.8
Downloading library from https://maven.neoforged.net/releases/org/ow2/asm/asm-tree/9.8/asm-tree-9.8.jar
	Download completed: Checksum validated.
Considering library net.neoforged:bus:8.0.5
Downloading library from https://maven.neoforged.net/releases/net/neoforged/bus/8.0.5/bus-8.0.5.jar
	Download completed: Checksum validated.
Considering library org.ow2.asm:asm:9.8
Downloading library from https://maven.neoforged.net/releases/org/ow2/asm/asm/9.8/asm-9.8.jar
	Download completed: Checksum validated.
Considering library com.electronwill.night-config:toml:3.8.3
Downloading library from https://maven.neoforged.net/releases/com/electronwill/night-config/toml/3.8.3/toml-3.8.3.jar
	Download completed: Checksum validated.
Considering library com.electronwill.night-config:core:3.8.3
Downloading library from https://maven.neoforged.net/releases/com/electronwill/night-config/core/3.8.3/core-3.8.3.jar
	Download completed: Checksum validated.
Considering library net.neoforged:JarJarSelector:0.5.0
Downloading library from https://maven.neoforged.net/releases/net/neoforged/JarJarSelector/0.5.0/JarJarSelector-0.5.0.jar
	Download completed: Checksum validated.
Considering library net.neoforged:JarJarMetadata:0.5.0
Downloading library from https://maven.neoforged.net/releases/net/neoforged/JarJarMetadata/0.5.0/JarJarMetadata-0.5.0.jar
	Download completed: Checksum validated.
Considering library org.apache.maven:maven-artifact:3.9.9
Downloading library from https://maven.neoforged.net/releases/org/apache/maven/maven-artifact/3.9.9/maven-artifact-3.9.9.jar
	Download completed: Checksum validated.
Considering library net.jodah:typetools:0.6.3
Downloading library from https://maven.neoforged.net/releases/net/jodah/typetools/0.6.3/typetools-0.6.3.jar
	Download completed: Checksum validated.
Considering library net.minecrell:terminalconsoleappender:1.3.0
Downloading library from https://maven.neoforged.net/releases/net/minecrell/terminalconsoleappender/1.3.0/terminalconsoleappender-1.3.0.jar
	Download completed: Checksum validated.
Considering library net.fabricmc:sponge-mixin:0.16.5+mixin.0.8.7
Downloading library from https://maven.neoforged.net/releases/net/fabricmc/sponge-mixin/0.16.5+mixin.0.8.7/sponge-mixin-0.16.5+mixin.0.8.7.jar
	Download completed: Checksum validated.
Considering library net.neoforged.accesstransformers:at-parser:11.0.2
Downloading library from https://maven.neoforged.net/releases/net/neoforged/accesstransformers/at-parser/11.0.2/at-parser-11.0.2.jar
	Download completed: Checksum validated.
Considering library org.jline:jline-reader:3.20.0
Downloading library from https://maven.neoforged.net/releases/org/jline/jline-reader/3.20.0/jline-reader-3.20.0.jar
	Download completed: Checksum validated.
Considering library org.jline:jline-terminal:3.20.0
Downloading library from https://maven.neoforged.net/releases/org/jline/jline-terminal/3.20.0/jline-terminal-3.20.0.jar
	Download completed: Checksum validated.
Considering library net.minecraftforge:srgutils:0.4.15
Downloading library from https://maven.neoforged.net/releases/net/minecraftforge/srgutils/0.4.15/srgutils-0.4.15.jar
	Download completed: Checksum validated.
Considering library com.google.guava:listenablefuture:9999.0-empty-to-avoid-conflict-with-guava
Downloading library from https://libraries.minecraft.net/com/google/guava/listenablefuture/9999.0-empty-to-avoid-conflict-with-guava/listenablefuture-9999.0-empty-to-avoid-conflict-with-guava.jar
	Download completed: Checksum validated.
Considering library com.google.code.findbugs:jsr305:3.0.2
Downloading library from https://libraries.minecraft.net/com/google/code/findbugs/jsr305/3.0.2/jsr305-3.0.2.jar
	Download completed: Checksum validated.
Considering library org.checkerframework:checker-qual:3.43.0
Downloading library from https://libraries.minecraft.net/org/checkerframework/checker-qual/3.43.0/checker-qual-3.43.0.jar
	Download completed: Checksum validated.
Considering library com.google.errorprone:error_prone_annotations:2.28.0
Downloading library from https://maven.neoforged.net/releases/com/google/errorprone/error_prone_annotations/2.28.0/error_prone_annotations-2.28.0.jar
	Download completed: Checksum validated.
Considering library com.google.j2objc:j2objc-annotations:3.0.0
Downloading library from https://libraries.minecraft.net/com/google/j2objc/j2objc-annotations/3.0.0/j2objc-annotations-3.0.0.jar
	Download completed: Checksum validated.
Considering library org.codehaus.plexus:plexus-utils:3.5.1
Downloading library from https://maven.neoforged.net/releases/org/codehaus/plexus/plexus-utils/3.5.1/plexus-utils-3.5.1.jar
	Download completed: Checksum validated.
Considering library net.neoforged.fancymodloader:earlydisplay:10.0.29
File /tmp/aa0acae4c07138a3a3a8f627a5113834/libraries/net/neoforged/fancymodloader/earlydisplay/10.0.29/earlydisplay-10.0.29.jar exists. Checksum valid.
Considering library net.neoforged.fancymodloader:loader:10.0.29
File /tmp/aa0acae4c07138a3a3a8f627a5113834/libraries/net/neoforged/fancymodloader/loader/10.0.29/loader-10.0.29.jar exists. Checksum valid.
Considering library net.neoforged:accesstransformers:11.0.2
File /tmp/aa0acae4c07138a3a3a8f627a5113834/libraries/net/neoforged/accesstransformers/11.0.2/accesstransformers-11.0.2.jar exists. Checksum valid.
Considering library org.ow2.asm:asm-commons:9.8
File /tmp/aa0acae4c07138a3a3a8f627a5113834/libraries/org/ow2/asm/asm-commons/9.8/asm-commons-9.8.jar exists. Checksum valid.
Considering library net.neoforged:mergetool:2.0.0:api
File /tmp/aa0acae4c07138a3a3a8f627a5113834/libraries/net/neoforged/mergetool/2.0.0/mergetool-2.0.0-api.jar exists. Checksum valid.
Considering library org.ow2.asm:asm-util:9.8
File /tmp/aa0acae4c07138a3a3a8f627a5113834/libraries/org/ow2/asm/asm-util/9.8/asm-util-9.8.jar exists. Checksum valid.
Considering library org.ow2.asm:asm-analysis:9.8
File /tmp/aa0acae4c07138a3a3a8f627a5113834/libraries/org/ow2/asm/asm-analysis/9.8/asm-analysis-9.8.jar exists. Checksum valid.
Considering library org.ow2.asm:asm-tree:9.8
File /tmp/aa0acae4c07138a3a3a8f627a5113834/libraries/org/ow2/asm/asm-tree/9.8/asm-tree-9.8.jar exists. Checksum valid.
Considering library net.neoforged:bus:8.0.5
File /tmp/aa0acae4c07138a3a3a8f627a5113834/libraries/net/neoforged/bus/8.0.5/bus-8.0.5.jar exists. Checksum valid.
Considering library org.ow2.asm:asm:9.8
File /tmp/aa0acae4c07138a3a3a8f627a5113834/libraries/org/ow2/asm/asm/9.8/asm-9.8.jar exists. Checksum valid.
Considering library com.electronwill.night-config:toml:3.8.3
File /tmp/aa0acae4c07138a3a3a8f627a5113834/libraries/com/electronwill/night-config/toml/3.8.3/toml-3.8.3.jar exists. Checksum valid.
Considering library com.electronwill.night-config:core:3.8.3
File /tmp/aa0acae4c07138a3a3a8f627a5113834/libraries/com/electronwill/night-config/core/3.8.3/core-3.8.3.jar exists. Checksum valid.
Considering library net.neoforged:JarJarSelector:0.5.0
File /tmp/aa0acae4c07138a3a3a8f627a5113834/libraries/net/neoforged/JarJarSelector/0.5.0/JarJarSelector-0.5.0.jar exists. Checksum valid.
Considering library net.neoforged:JarJarMetadata:0.5.0
File /tmp/aa0acae4c07138a3a3a8f627a5113834/libraries/net/neoforged/JarJarMetadata/0.5.0/JarJarMetadata-0.5.0.jar exists. Checksum valid.
Considering library org.apache.maven:maven-artifact:3.9.9
File /tmp/aa0acae4c07138a3a3a8f627a5113834/libraries/org/apache/maven/maven-artifact/3.9.9/maven-artifact-3.9.9.jar exists. Checksum valid.
Considering library net.jodah:typetools:0.6.3
File /tmp/aa0acae4c07138a3a3a8f627a5113834/libraries/net/jodah/typetools/0.6.3/typetools-0.6.3.jar exists. Checksum valid.
Considering library net.minecrell:terminalconsoleappender:1.3.0
File /tmp/aa0acae4c07138a3a3a8f627a5113834/libraries/net/minecrell/terminalconsoleappender/1.3.0/terminalconsoleappender-1.3.0.jar exists. Checksum valid.
Considering library net.fabricmc:sponge-mixin:0.16.5+mixin.0.8.7
File /tmp/aa0acae4c07138a3a3a8f627a5113834/libraries/net/fabricmc/sponge-mixin/0.16.5+mixin.0.8.7/sponge-mixin-0.16.5+mixin.0.8.7.jar exists. Checksum valid.
Considering library net.neoforged.accesstransformers:at-parser:11.0.2
File /tmp/aa0acae4c07138a3a3a8f627a5113834/libraries/net/neoforged/accesstransformers/at-parser/11.0.2/at-parser-11.0.2.jar exists. Checksum valid.
Considering library org.jline:jline-reader:3.20.0
File /tmp/aa0acae4c07138a3a3a8f627a5113834/libraries/org/jline/jline-reader/3.20.0/jline-reader-3.20.0.jar exists. Checksum valid.
Considering library org.jline:jline-terminal:3.20.0
File /tmp/aa0acae4c07138a3a3a8f627a5113834/libraries/org/jline/jline-terminal/3.20.0/jline-terminal-3.20.0.jar exists. Checksum valid.
Considering library org.lwjgl:lwjgl-tinyfd:3.3.3
Downloading library from https://libraries.minecraft.net/org/lwjgl/lwjgl-tinyfd/3.3.3/lwjgl-tinyfd-3.3.3.jar
	Download completed: Checksum validated.
Considering library org.lwjgl:lwjgl:3.3.3
Downloading library from https://libraries.minecraft.net/org/lwjgl/lwjgl/3.3.3/lwjgl-3.3.3.jar
	Download completed: Checksum validated.
Considering library net.minecraftforge:srgutils:0.4.15
File /tmp/aa0acae4c07138a3a3a8f627a5113834/libraries/net/minecraftforge/srgutils/0.4.15/srgutils-0.4.15.jar exists. Checksum valid.
Considering library com.google.guava:listenablefuture:9999.0-empty-to-avoid-conflict-with-guava
File /tmp/aa0acae4c07138a3a3a8f627a5113834/libraries/com/google/guava/listenablefuture/9999.0-empty-to-avoid-conflict-with-guava/listenablefuture-9999.0-empty-to-avoid-conflict-with-guava.jar exists. Checksum valid.
Considering library com.google.code.findbugs:jsr305:3.0.2
File /tmp/aa0acae4c07138a3a3a8f627a5113834/libraries/com/google/code/findbugs/jsr305/3.0.2/jsr305-3.0.2.jar exists. Checksum valid.
Considering library org.checkerframework:checker-qual:3.43.0
File /tmp/aa0acae4c07138a3a3a8f627a5113834/libraries/org/checkerframework/checker-qual/3.43.0/checker-qual-3.43.0.jar exists. Checksum valid.
Considering library com.google.errorprone:error_prone_annotations:2.28.0
File /tmp/aa0acae4c07138a3a3a8f627a5113834/libraries/com/google/errorprone/error_prone_annotations/2.28.0/error_prone_annotations-2.28.0.jar exists. Checksum valid.
Considering library com.google.j2objc:j2objc-annotations:3.0.0
File /tmp/aa0acae4c07138a3a3a8f627a5113834/libraries/com/google/j2objc/j2objc-annotations/3.0.0/j2objc-annotations-3.0.0.jar exists. Checksum valid.
Considering library org.codehaus.plexus:plexus-utils:3.5.1
File /tmp/aa0acae4c07138a3a3a8f627a5113834/libraries/org/codehaus/plexus/plexus-utils/3.5.1/plexus-utils-3.5.1.jar exists. Checksum valid.
Considering library net.neoforged:neoform:1.21.10-20251010.172816:mappings@tsrg.lzma
Downloading library from https://maven.neoforged.net/releases/net/neoforged/neoform/1.21.10-20251010.172816/neoform-1.21.10-20251010.172816-mappings.tsrg.lzma
	Download completed: Checksum validated.
Considering library net.neoforged.installertools:installertools:3.0.14:fatjar
Downloading library from https://maven.neoforged.net/releases/net/neoforged/installertools/installertools/3.0.14/installertools-3.0.14-fatjar.jar
	Download completed: Checksum validated.
Considering library net.neoforged:neoforge:21.10.52-beta:universal
Downloading library from https://maven.neoforged.net/releases/net/neoforged/neoforge/21.10.52-beta/neoforge-21.10.52-beta-universal.jar
	Download completed: Checksum validated.
Created Temporary Directory: /tmp/neoforge_installer8045137377617773317
  Extracting: /data/client.lzma
Building Processors
===============================================================================
Processor: net.neoforged.installertools:installertools -> DOWNLOAD_MOJMAPS
  MainClass: net.neoforged.installertools.ConsoleTool
  Classpath:
    /tmp/aa0acae4c07138a3a3a8f627a5113834/libraries/net/neoforged/installertools/installertools/3.0.14/installertools-3.0.14-fatjar.jar
    /tmp/aa0acae4c07138a3a3a8f627a5113834/libraries/net/neoforged/installertools/installertools/3.0.14/installertools-3.0.14-fatjar.jar
  Args: --task, DOWNLOAD_MOJMAPS, --version, 1.21.10, --side, client, --output, /tmp/aa0acae4c07138a3a3a8f627a5113834/libraries/net/minecraft/client/1.21.10/client-1.21.10-mappings.txt
Task: DOWNLOAD_MOJMAPS
MC Version: 1.21.10
Side:       client
Output:     /tmp/aa0acae4c07138a3a3a8f627a5113834/libraries/net/minecraft/client/1.21.10/client-1.21.10-mappings.txt
Downloaded Mojang mappings for 1.21.10
===============================================================================
Processor: net.neoforged.installertools:installertools -> PROCESS_MINECRAFT_JAR
  MainClass: net.neoforged.installertools.ConsoleTool
  Classpath:
    /tmp/aa0acae4c07138a3a3a8f627a5113834/libraries/net/neoforged/installertools/installertools/3.0.14/installertools-3.0.14-fatjar.jar
    /tmp/aa0acae4c07138a3a3a8f627a5113834/libraries/net/neoforged/installertools/installertools/3.0.14/installertools-3.0.14-fatjar.jar
  Args: --task, PROCESS_MINECRAFT_JAR, --input, /tmp/aa0acae4c07138a3a3a8f627a5113834/versions/1.21.10/1.21.10.jar, --input-mappings, /tmp/aa0acae4c07138a3a3a8f627a5113834/libraries/net/minecraft/client/1.21.10/client-1.21.10-mappings.txt, --output, /tmp/aa0acae4c07138a3a3a8f627a5113834/libraries/net/neoforged/minecraft-client-patched/21.10.52-beta/minecraft-client-patched-21.10.52-beta.jar, --extract-libraries-to, /tmp/aa0acae4c07138a3a3a8f627a5113834/libraries/, --neoform-data, /tmp/aa0acae4c07138a3a3a8f627a5113834/libraries/net/neoforged/neoform/1.21.10-20251010.172816/neoform-1.21.10-20251010.172816-mappings.tsrg.lzma, --apply-patches, /tmp/neoforge_installer8045137377617773317/data/client.lzma
Task: PROCESS_MINECRAFT_JAR
load input zip [1116ms]
load parameter mappings [1172ms]
load patches client.lzma [1445ms]
load mappings [2219ms]
merge mappings [471ms]
Adding Libraries to Inheritance
Processor: net.neoforged.installertools:installertools -> PROCESS_MINECRAFT_JAR: Processing entries
Adding input to inheritance map
Processing 27645 entries
Adding extras
Sorting
deobfuscate jar [5003ms]
applying patches [384ms]
write output file [2082ms]
overall work [10184ms]
Injecting profile
Successfully installed client into launcher.
You can delete this installer file now if you wish
